2026-03-12 14:25:26,177 [INFO] main: 
############################################################
  FINANCIAL PIPELINE v3 (Fixed) — RELIANCE
  2026-03-12T08:55:26.177624+00:00
############################################################
2026-03-12 14:25:26,177 [INFO] main: 
############################################################
STEP 1: NSE XBRL — RELIANCE
############################################################
2026-03-12 14:25:26,177 [INFO] pipeline.xbrl_parser: NSE handshake step 1/3: homepage...
2026-03-12 14:25:28,442 [INFO] pipeline.xbrl_parser: NSE handshake step 2/3: quote page...
2026-03-12 14:25:30,994 [INFO] pipeline.xbrl_parser: NSE handshake step 3/3: warming results path...
2026-03-12 14:25:33,318 [INFO] pipeline.xbrl_parser: NSE session ready. Cookies: AKA_A2, _abck, bm_sz, nsit, browse-url
2026-03-12 14:25:33,319 [INFO] pipeline.xbrl_parser: Fetching NSE XBRL Quarterly for RELIANCE (attempt 1)...
2026-03-12 14:25:34,147 [INFO] pipeline.xbrl_parser:   HTTP 200 | 14525 bytes
2026-03-12 14:25:34,149 [INFO] pipeline.xbrl_parser:   Raw response saved → data/debug/nse_xbrl_RELIANCE_quarterly_raw.json
2026-03-12 14:25:34,150 [INFO] pipeline.xbrl_parser:   Got 5 Quarterly periods
2026-03-12 14:25:34,153 [INFO] pipeline.xbrl_parser:   [Dec 2024] Rev=128260.0 | NP=8721.0 | EBITDA=11.86%
2026-03-12 14:25:34,153 [INFO] pipeline.xbrl_parser:   [Sep 2024] Rev=134054.0 | NP=7713.0 | EBITDA=10.01%
2026-03-12 14:25:34,153 [INFO] pipeline.xbrl_parser:   [Jun 2024] Rev=134331.0 | NP=7611.0 | EBITDA=10.66%
2026-03-12 14:25:34,153 [INFO] pipeline.xbrl_parser:   [Mar 2024] Rev=151014.0 | NP=11283.0 | EBITDA=13.26%
2026-03-12 14:25:34,153 [INFO] pipeline.xbrl_parser:   [Dec 2023] Rev=130579.0 | NP=9924.0 | EBITDA=13.45%
2026-03-12 14:25:34,153 [INFO] pipeline.xbrl_parser: Fetching NSE XBRL Annual for RELIANCE (attempt 1)...
2026-03-12 14:25:34,305 [INFO] pipeline.xbrl_parser:   HTTP 200 | 14525 bytes
2026-03-12 14:25:34,305 [INFO] pipeline.xbrl_parser:   Raw response saved → data/debug/nse_xbrl_RELIANCE_annual_raw.json
2026-03-12 14:25:34,305 [INFO] pipeline.xbrl_parser:   Got 5 Annual periods
2026-03-12 14:25:34,305 [INFO] pipeline.xbrl_parser:   [FY2025] Rev=128260.0 | NP=8721.0 | EBITDA=11.86%
2026-03-12 14:25:34,306 [INFO] pipeline.xbrl_parser:   [FY2025] Rev=134054.0 | NP=7713.0 | EBITDA=10.01%
2026-03-12 14:25:34,306 [INFO] pipeline.xbrl_parser:   [FY2025] Rev=134331.0 | NP=7611.0 | EBITDA=10.66%
2026-03-12 14:25:34,306 [INFO] pipeline.xbrl_parser:   [FY2024] Rev=151014.0 | NP=11283.0 | EBITDA=13.26%
2026-03-12 14:25:34,306 [INFO] pipeline.xbrl_parser:   [FY2024] Rev=130579.0 | NP=9924.0 | EBITDA=13.45%
2026-03-12 14:25:34,307 [INFO] main: XBRL result: 5 quarterly | 2 annual periods with revenue data
2026-03-12 14:25:34,333 [INFO] main: Existing PDFs: 1 quarterly | 1 annual
2026-03-12 14:25:34,339 [INFO] main: 
############################################################
STEP 3: PARSE & EXTRACT — RELIANCE
############################################################
2026-03-12 14:25:34,340 [INFO] main: XBRL has 5 quarterly periods — skipping quarterly PDFs
2026-03-12 14:25:34,340 [INFO] main: 
  Annual PDF [FY2025]: data/RELIANCE/raw/annual_pdf/FY2025_Annual_Report.pdf
2026-03-12 14:25:34,340 [INFO] pipeline.pdf_parser: Parsing: data/RELIANCE/raw/annual_pdf/FY2025_Annual_Report.pdf
2026-03-12 14:25:35,987 [INFO] pipeline.pdf_parser:   pdfplumber-optimized: 174 pages (Identified 54 relevant)
2026-03-12 14:25:51,410 [INFO] main:   Parsed 174 pages
2026-03-12 14:25:51,703 [INFO] pipeline.financial_extractor:   Fields not found in PDF: ['reserves', 'minority_interest', 'long_term_borrowings', 'lease_liabilities', 'other_liabilities', 'total_liabilities', 'inventory', 'other_current_assets', 'total_current_assets', 'total_non_current_assets', 'total_assets']
2026-03-12 14:25:51,722 [INFO] main:   BS extracted: ['FY2027', 'FY2026']
2026-03-12 14:25:52,420 [INFO] pipeline.financial_extractor:   Fields not found in PDF: ['net_profit', 'working_capital_change', 'other_operating_adjustments', 'cash_from_operations', 'capital_expenditure', 'acquisitions', 'investments', 'cash_from_investing', 'debt_issued', 'debt_repaid', 'dividend_paid', 'buyback', 'cash_from_financing', 'net_cash_flow', 'opening_cash']
2026-03-12 14:25:52,443 [INFO] main:   CF extracted: ['FY2027', 'FY2026']
2026-03-12 14:25:52,443 [INFO] main: 
Extraction complete: Q P&L=5 | A P&L=2 | BS=2 | CF=2
2026-03-12 14:25:52,445 [INFO] main: 
############################################################
STEP 4: VALIDATE — RELIANCE
############################################################
2026-03-12 14:25:52,446 [WARNING] pipeline.validator:   ✗ VALIDATION: [cross_check_Mar 2024] Quarter revenue (151014.0) >= Annual (134331.0) - check Standalone vs Consolidated
2026-03-12 14:25:52,446 [WARNING] pipeline.validator:   ✗ VALIDATION: [cross_check_Jun 2024] Quarter revenue (134331.0) >= Annual (134331.0) - check Standalone vs Consolidated
2026-03-12 14:25:52,446 [INFO] pipeline.validator:   ✓ P&L [Sep 2024]: OK
2026-03-12 14:25:52,446 [INFO] pipeline.validator:   ✓ P&L [Mar 2024]: OK
2026-03-12 14:25:52,446 [INFO] pipeline.validator:   ✓ P&L [Jun 2024]: OK
2026-03-12 14:25:52,446 [INFO] pipeline.validator:   ✓ P&L [Dec 2024]: OK
2026-03-12 14:25:52,446 [INFO] pipeline.validator:   ✓ P&L [Dec 2023]: OK
2026-03-12 14:25:52,446 [INFO] pipeline.validator:   ✓ P&L [FY2025]: OK
2026-03-12 14:25:52,446 [INFO] pipeline.validator:   ✓ P&L [FY2024]: OK
2026-03-12 14:25:52,446 [INFO] pipeline.validator:   ✓ BS [FY2027]: OK
2026-03-12 14:25:52,446 [INFO] pipeline.validator:   ✓ BS [FY2026]: OK
2026-03-12 14:25:52,446 [INFO] pipeline.validator:   ✓ CF [FY2027]: OK
2026-03-12 14:25:52,446 [INFO] pipeline.validator:   ✓ CF [FY2026]: OK
2026-03-12 14:25:52,446 [INFO] pipeline.validator: 
VALIDATION SUMMARY: ✗ ISSUES FOUND | 2 issue categories
2026-03-12 14:25:52,446 [INFO] main: 
############################################################
STEP 5: EXPORT — RELIANCE
############################################################
2026-03-12 14:25:52,447 [INFO] pipeline.export_json: JSON saved → data/RELIANCE/extracted/profit_loss_quarterly.json (2 KB)
2026-03-12 14:25:52,447 [INFO] pipeline.export_json: JSON saved → data/RELIANCE/extracted/profit_loss_yearly.json (1 KB)
2026-03-12 14:25:52,447 [INFO] pipeline.export_json: JSON saved → data/RELIANCE/extracted/balance_sheet.json (1 KB)
2026-03-12 14:25:52,448 [INFO] pipeline.export_json: JSON saved → data/RELIANCE/extracted/cash_flow.json (1 KB)
2026-03-12 14:25:52,449 [INFO] pipeline.export_json: JSON saved → data/RELIANCE/final/company_financials.json (10 KB)
2026-03-12 14:25:52,498 [INFO] main: 
✓ Done! Output → data/RELIANCE/final/company_financials.json
2026-03-12 14:25:52,498 [INFO] main:   Log → logs/pipeline_20260312_142526.log
