2026-03-12 11:43:01,958 [INFO] main: 
############################################################
  FINANCIAL PIPELINE v2 — RELIANCE
  2026-03-12T06:13:01.958500+00:00
############################################################
2026-03-12 11:43:01,958 [INFO] main: 
############################################################
STEP 1: NSE XBRL — RELIANCE
############################################################
2026-03-12 11:43:04,321 [INFO] pipeline.xbrl_parser: NSE XBRL session ready
2026-03-12 11:43:04,321 [INFO] pipeline.xbrl_parser: Fetching NSE XBRL Quarterly for RELIANCE...
2026-03-12 11:43:05,206 [INFO] pipeline.xbrl_parser:   Got 5 Quarterly periods from NSE XBRL
2026-03-12 11:43:05,209 [INFO] pipeline.xbrl_parser:   [Dec 2024] Sales=128260.0 | NetProfit=8721.0 | OPM=11.86%
2026-03-12 11:43:05,209 [INFO] pipeline.xbrl_parser:   [Sep 2024] Sales=134054.0 | NetProfit=7713.0 | OPM=10.01%
2026-03-12 11:43:05,209 [INFO] pipeline.xbrl_parser:   [Jun 2024] Sales=134331.0 | NetProfit=7611.0 | OPM=10.66%
2026-03-12 11:43:05,209 [INFO] pipeline.xbrl_parser:   [Mar 2024] Sales=151014.0 | NetProfit=11283.0 | OPM=13.26%
2026-03-12 11:43:05,209 [INFO] pipeline.xbrl_parser:   [Dec 2023] Sales=130579.0 | NetProfit=9924.0 | OPM=13.45%
2026-03-12 11:43:05,209 [INFO] pipeline.xbrl_parser: Fetching NSE XBRL Annual for RELIANCE...
2026-03-12 11:43:05,354 [INFO] pipeline.xbrl_parser:   Got 5 Annual periods from NSE XBRL
2026-03-12 11:43:05,355 [INFO] pipeline.xbrl_parser:   [FY2025] Sales=128260.0 | NetProfit=8721.0 | OPM=11.86%
2026-03-12 11:43:05,355 [INFO] pipeline.xbrl_parser:   [FY2025] Sales=134054.0 | NetProfit=7713.0 | OPM=10.01%
2026-03-12 11:43:05,355 [INFO] pipeline.xbrl_parser:   [FY2025] Sales=134331.0 | NetProfit=7611.0 | OPM=10.66%
2026-03-12 11:43:05,355 [INFO] pipeline.xbrl_parser:   [FY2024] Sales=151014.0 | NetProfit=11283.0 | OPM=13.26%
2026-03-12 11:43:05,355 [INFO] pipeline.xbrl_parser:   [FY2024] Sales=130579.0 | NetProfit=9924.0 | OPM=13.45%
2026-03-12 11:43:05,355 [INFO] main: XBRL (FY2025 format): 3 quarterly periods | 1 annual periods with sales data
2026-03-12 11:43:05,357 [INFO] main: 
############################################################
STEP 2: PDF DOWNLOAD — RELIANCE
############################################################
2026-03-12 11:43:05,357 [INFO] pipeline.downloader: NSE cookie handshake...
2026-03-12 11:43:07,502 [INFO] pipeline.downloader: BSE cookie handshake...
2026-03-12 11:43:09,231 [INFO] pipeline.downloader: 
============================================================
2026-03-12 11:43:09,231 [INFO] pipeline.downloader: NSE Quarterly Download: RELIANCE (01-07-2024 → 31-05-2025)
2026-03-12 11:43:10,173 [INFO] pipeline.downloader: Found 272 total NSE announcements
2026-03-12 11:43:10,173 [INFO] pipeline.downloader:   → [Mar 2025] Outcome of Board Meeting
2026-03-12 11:43:10,173 [INFO] pipeline.downloader:       s.nseindia.com/corporate/kavinavora_25042025200131_SE_FR.pdf
2026-03-12 11:43:11,012 [INFO] pipeline.downloader:   [SKIP] Identical file exists: data/reliance/quarterly/Mar_2025.pdf
2026-03-12 11:43:12,017 [INFO] pipeline.downloader:   [DUP] Mar 2025 already queued, skipping
2026-03-12 11:43:12,018 [INFO] pipeline.downloader: NSE Quarterly: 1/1 downloaded
2026-03-12 11:43:12,018 [INFO] pipeline.downloader: 
============================================================
2026-03-12 11:43:12,019 [INFO] pipeline.downloader: Company Website Annual Download: RELIANCE (Target: ['FY2025'])
2026-03-12 11:43:12,019 [INFO] pipeline.downloader:   → [FY2025] Direct from IR Website
2026-03-12 11:43:12,976 [INFO] pipeline.downloader:   [SAVED] 11486 KB → data/reliance/annual/FY2025_Annual_Report.pdf
2026-03-12 11:43:12,976 [INFO] pipeline.downloader: Company Website Annual: 1/1 downloaded
2026-03-12 11:43:12,986 [INFO] main: 
############################################################
STEP 3: PARSE & EXTRACT — RELIANCE
############################################################
2026-03-12 11:43:12,987 [INFO] main: XBRL has 3 quarterly periods — skipping quarterly PDFs
2026-03-12 11:43:12,987 [INFO] main: 
  Annual PDF [FY2025]: data/reliance/annual/FY2025_Annual_Report.pdf
2026-03-12 11:43:12,987 [INFO] pipeline.pdf_parser: Parsing: data/reliance/annual/FY2025_Annual_Report.pdf
2026-03-12 11:43:13,594 [INFO] pipeline.pdf_parser:   pdfplumber: 146 pages
2026-03-12 11:43:52,783 [INFO] main:   Parsed 146 pages
2026-03-12 11:43:52,846 [INFO] main:   BS extracted: ['FY2025', 'FY2024', 'FY2023']
2026-03-12 11:43:52,909 [INFO] main:   CF extracted: ['FY2025', 'FY2024', 'FY2023']
2026-03-12 11:43:52,909 [INFO] main: 
Extraction complete (FY2025 Filtered): Q P&L=3 | A P&L=1 | BS=1 | CF=1
2026-03-12 11:43:52,931 [INFO] main: 
############################################################
STEP 4: VALIDATE — RELIANCE
############################################################
2026-03-12 11:43:52,931 [INFO] pipeline.validator:   ✓ P&L [Dec 2024]: OK
2026-03-12 11:43:52,931 [INFO] pipeline.validator:   ✓ P&L [Sep 2024]: OK
2026-03-12 11:43:52,931 [INFO] pipeline.validator:   ✓ P&L [Jun 2024]: OK
2026-03-12 11:43:52,931 [INFO] pipeline.validator:   ✓ P&L [FY2025]: OK
2026-03-12 11:43:52,931 [WARNING] pipeline.validator:   ✗ VALIDATION: [FY2025] BS equation: Assets=228151.0, Eq+Liab=259531.8, diff=12.1%
2026-03-12 11:43:52,931 [WARNING] pipeline.validator:   ✗ VALIDATION: [FY2025] CF: CFO+CFI+CFF=-65967.0 vs net=13223.0, diff=120.0%
2026-03-12 11:43:52,931 [INFO] pipeline.validator: 
VALIDATION SUMMARY: ✗ ISSUES FOUND | 2 issue categories
2026-03-12 11:43:52,931 [INFO] main: 
############################################################
STEP 5: EXPORT — RELIANCE
############################################################
2026-03-12 11:43:52,933 [INFO] pipeline.export_json: JSON saved → output/RELIANCE.json (4 KB)
2026-03-12 11:43:52,934 [INFO] pipeline.export_json: JSON saved → output/reliance/financial_data.json (4 KB)
2026-03-12 11:43:52,934 [INFO] pipeline.export_json: JSON saved → output/reliance/financial_data_20260312_114352.json (4 KB)
2026-03-12 11:43:52,934 [INFO] main: 
✓ Done! Output → output/RELIANCE.json
2026-03-12 11:43:52,934 [INFO] main:   Log → logs/pipeline_20260312_114301.log
