2026-03-12 17:36:23,456 [INFO] main: 
############################################################
  FINANCIAL PIPELINE v4 — RELIANCE
  2026-03-12T12:06:23.456076+00:00
############################################################
2026-03-12 17:36:23,456 [INFO] main: 
############################################################
STEP 1: NSE XBRL (Quarterly P&L) — RELIANCE
############################################################
2026-03-12 17:36:23,456 [INFO] pipeline.xbrl_parser: NSE handshake step 1/3: homepage...
2026-03-12 17:36:26,699 [INFO] pipeline.xbrl_parser: NSE handshake step 2/3: quote page...
2026-03-12 17:36:31,081 [INFO] pipeline.xbrl_parser: NSE handshake step 3/3: warming results path...
2026-03-12 17:36:33,296 [INFO] pipeline.xbrl_parser: NSE session ready. Cookies: AKA_A2, _abck, bm_sz, nsit, browse-url
2026-03-12 17:36:33,296 [INFO] pipeline.xbrl_parser: Fetching NSE XBRL Quarterly for RELIANCE (attempt 1)...
2026-03-12 17:36:33,968 [INFO] pipeline.xbrl_parser:   HTTP 200 | 14525 bytes
2026-03-12 17:36:33,970 [INFO] pipeline.xbrl_parser:   Raw response saved → data/debug/nse_xbrl_RELIANCE_quarterly_raw.json
2026-03-12 17:36:33,970 [INFO] pipeline.xbrl_parser:   Got 5 Quarterly periods
2026-03-12 17:36:33,972 [INFO] pipeline.xbrl_parser:   [Dec 2024] Rev=128260.0 | NP=8721.0 | EBITDA=11.86%
2026-03-12 17:36:33,972 [INFO] pipeline.xbrl_parser:   [Sep 2024] Rev=134054.0 | NP=7713.0 | EBITDA=10.01%
2026-03-12 17:36:33,972 [INFO] pipeline.xbrl_parser:   [Jun 2024] Rev=134331.0 | NP=7611.0 | EBITDA=10.66%
2026-03-12 17:36:33,972 [INFO] pipeline.xbrl_parser:   [Mar 2024] Rev=151014.0 | NP=11283.0 | EBITDA=13.26%
2026-03-12 17:36:33,972 [INFO] pipeline.xbrl_parser:   [Dec 2023] Rev=130579.0 | NP=9924.0 | EBITDA=13.45%
2026-03-12 17:36:33,972 [INFO] main: XBRL: 5/5 quarters with revenue data
2026-03-12 17:36:33,974 [INFO] main:   Found annual PDF: FY2025_Annual_Report.pdf (8.4 MB)
2026-03-12 17:36:33,975 [INFO] main: Existing PDFs: 1 quarterly | 1 annual
2026-03-12 17:36:33,975 [INFO] main: 
############################################################
STEP 3: PARSE & EXTRACT — RELIANCE
############################################################
2026-03-12 17:36:33,976 [INFO] pipeline.pdf_parser: Parsing: data/RELIANCE/raw/annual_pdf/FY2025_Annual_Report.pdf
2026-03-12 17:36:35,399 [INFO] pipeline.pdf_parser:   pdfplumber-optimized: 174 pages (Identified 48 relevant)
2026-03-12 17:36:47,607 [INFO] main: 
  Processing annual PDF [FY2025]: data/RELIANCE/raw/annual_pdf/FY2025_Annual_Report.pdf
2026-03-12 17:36:47,609 [INFO] pipeline.pdf_parser: Parsing: data/RELIANCE/raw/annual_pdf/FY2025_Annual_Report.pdf
2026-03-12 17:36:48,961 [INFO] pipeline.pdf_parser:   pdfplumber-optimized: 174 pages (Identified 48 relevant)
2026-03-12 17:37:01,718 [INFO] main:   Parsed 174 pages
2026-03-12 17:37:01,722 [INFO] pipeline.financial_extractor:   [balance] Using 28 consolidated pages
2026-03-12 17:37:02,005 [INFO] pipeline.financial_extractor:   Computed total_assets = 470100.0 + 1285886.0 = 1755986.0
2026-03-12 17:37:02,005 [INFO] pipeline.financial_extractor:   BS → ['FY2062', 'FY2034'] | 34 fields
2026-03-12 17:37:02,005 [INFO] main:   BS: ['FY2062', 'FY2034']
2026-03-12 17:37:02,009 [INFO] pipeline.financial_extractor:   [cash_flow] Using 16 consolidated pages
2026-03-12 17:37:02,126 [INFO] pipeline.financial_extractor:   CF → ['FY2062', 'FY2034'] | 30 fields
2026-03-12 17:37:02,126 [INFO] main:   CF: ['FY2062', 'FY2034']
2026-03-12 17:37:02,131 [INFO] pipeline.financial_extractor:   [pnl] Using 20 consolidated pages
2026-03-12 17:37:02,259 [INFO] pipeline.financial_extractor:   Annual P&L → ['FY2029', 'FY2026'] | 38 fields
2026-03-12 17:37:02,259 [INFO] main:   Annual P&L (PDF): ['FY2029', 'FY2026']
2026-03-12 17:37:02,259 [INFO] main: 
Extraction complete → Q P&L=3 | A P&L=0 | BS=0 | CF=0
2026-03-12 17:37:02,260 [INFO] main: 
############################################################
STEP 4: VALIDATE — RELIANCE
############################################################
2026-03-12 17:37:02,260 [INFO] pipeline.validator:   ✓ P&L [Sep 2024]: OK  (Rev=134,054, NP=7713.0)
2026-03-12 17:37:02,260 [INFO] pipeline.validator:   ✓ P&L [Jun 2024]: OK  (Rev=134,331, NP=7611.0)
2026-03-12 17:37:02,260 [INFO] pipeline.validator:   ✓ P&L [Dec 2024]: OK  (Rev=128,260, NP=8721.0)
2026-03-12 17:37:02,260 [INFO] pipeline.validator: 
VALIDATION: ✓ PASSED | 0 categories with issues
2026-03-12 17:37:02,260 [INFO] main: 
############################################################
STEP 5: EXPORT — RELIANCE
############################################################
2026-03-12 17:37:02,261 [INFO] pipeline.export_json: JSON saved → data/RELIANCE/extracted/profit_loss_quarterly.json (1 KB)
2026-03-12 17:37:02,261 [INFO] pipeline.export_json: JSON saved → data/RELIANCE/extracted/profit_loss_yearly.json (0 KB)
2026-03-12 17:37:02,262 [INFO] pipeline.export_json: JSON saved → data/RELIANCE/extracted/balance_sheet.json (0 KB)
2026-03-12 17:37:02,262 [INFO] pipeline.export_json: JSON saved → data/RELIANCE/extracted/cash_flow.json (0 KB)
2026-03-12 17:37:02,262 [INFO] pipeline.export_json: JSON saved → data/RELIANCE/final/company_financials.json (3 KB)
2026-03-12 17:37:02,262 [INFO] main: 
✅ Done! Output → data/RELIANCE/final/company_financials.json
2026-03-12 17:37:02,262 [INFO] main:    Log  → logs/pipeline_20260312_173623.log
