2026-03-12 17:34:08,805 [INFO] main: 
############################################################
  FINANCIAL PIPELINE v4 — RELIANCE
  2026-03-12T12:04:08.805687+00:00
############################################################
2026-03-12 17:34:08,805 [INFO] main: 
############################################################
STEP 1: NSE XBRL (Quarterly P&L) — RELIANCE
############################################################
2026-03-12 17:34:08,805 [INFO] pipeline.xbrl_parser: NSE handshake step 1/3: homepage...
2026-03-12 17:34:11,031 [INFO] pipeline.xbrl_parser: NSE handshake step 2/3: quote page...
2026-03-12 17:34:13,888 [INFO] pipeline.xbrl_parser: NSE handshake step 3/3: warming results path...
2026-03-12 17:34:16,256 [INFO] pipeline.xbrl_parser: NSE session ready. Cookies: AKA_A2, _abck, bm_sz, nsit, browse-url
2026-03-12 17:34:16,257 [INFO] pipeline.xbrl_parser: Fetching NSE XBRL Quarterly for RELIANCE (attempt 1)...
2026-03-12 17:34:16,950 [INFO] pipeline.xbrl_parser:   HTTP 200 | 14525 bytes
2026-03-12 17:34:16,952 [INFO] pipeline.xbrl_parser:   Raw response saved → data/debug/nse_xbrl_RELIANCE_quarterly_raw.json
2026-03-12 17:34:16,952 [INFO] pipeline.xbrl_parser:   Got 5 Quarterly periods
2026-03-12 17:34:16,955 [INFO] pipeline.xbrl_parser:   [Dec 2024] Rev=128260.0 | NP=8721.0 | EBITDA=11.86%
2026-03-12 17:34:16,956 [INFO] pipeline.xbrl_parser:   [Sep 2024] Rev=134054.0 | NP=7713.0 | EBITDA=10.01%
2026-03-12 17:34:16,956 [INFO] pipeline.xbrl_parser:   [Jun 2024] Rev=134331.0 | NP=7611.0 | EBITDA=10.66%
2026-03-12 17:34:16,956 [INFO] pipeline.xbrl_parser:   [Mar 2024] Rev=151014.0 | NP=11283.0 | EBITDA=13.26%
2026-03-12 17:34:16,956 [INFO] pipeline.xbrl_parser:   [Dec 2023] Rev=130579.0 | NP=9924.0 | EBITDA=13.45%
2026-03-12 17:34:16,956 [INFO] main: XBRL: 5/5 quarters with revenue data
2026-03-12 17:34:16,964 [INFO] main:   Found annual PDF: FY2025_Annual_Report.pdf (8.4 MB)
2026-03-12 17:34:16,965 [INFO] main: Existing PDFs: 1 quarterly | 1 annual
2026-03-12 17:34:16,966 [INFO] main: 
############################################################
STEP 3: PARSE & EXTRACT — RELIANCE
############################################################
2026-03-12 17:34:16,967 [INFO] pipeline.pdf_parser: Parsing: data/RELIANCE/raw/annual_pdf/FY2025_Annual_Report.pdf
2026-03-12 17:34:18,422 [INFO] pipeline.pdf_parser:   pdfplumber-optimized: 174 pages (Identified 48 relevant)
2026-03-12 17:34:30,732 [INFO] main: 
  Processing annual PDF [FY2025]: data/RELIANCE/raw/annual_pdf/FY2025_Annual_Report.pdf
2026-03-12 17:34:30,732 [INFO] pipeline.pdf_parser: Parsing: data/RELIANCE/raw/annual_pdf/FY2025_Annual_Report.pdf
2026-03-12 17:34:32,065 [INFO] pipeline.pdf_parser:   pdfplumber-optimized: 174 pages (Identified 48 relevant)
