2026-03-12 17:38:33,749 [INFO] main: 
############################################################
  FINANCIAL PIPELINE v4 — RELIANCE
  2026-03-12T12:08:33.749010+00:00
############################################################
2026-03-12 17:38:33,749 [INFO] main: 
############################################################
STEP 1: NSE XBRL (Quarterly P&L) — RELIANCE
############################################################
2026-03-12 17:38:33,749 [INFO] pipeline.xbrl_parser: NSE handshake step 1/3: homepage...
2026-03-12 17:38:35,962 [INFO] pipeline.xbrl_parser: NSE handshake step 2/3: quote page...
2026-03-12 17:38:38,301 [INFO] pipeline.xbrl_parser: NSE handshake step 3/3: warming results path...
2026-03-12 17:38:40,562 [INFO] pipeline.xbrl_parser: NSE session ready. Cookies: AKA_A2, _abck, bm_sz, nsit, browse-url
2026-03-12 17:38:40,563 [INFO] pipeline.xbrl_parser: Fetching NSE XBRL Quarterly for RELIANCE (attempt 1)...
2026-03-12 17:38:41,253 [INFO] pipeline.xbrl_parser:   HTTP 200 | 14525 bytes
2026-03-12 17:38:41,255 [INFO] pipeline.xbrl_parser:   Raw response saved → data/debug/nse_xbrl_RELIANCE_quarterly_raw.json
2026-03-12 17:38:41,256 [INFO] pipeline.xbrl_parser:   Got 5 Quarterly periods
2026-03-12 17:38:41,258 [INFO] pipeline.xbrl_parser:   [Dec 2024] Rev=128260.0 | NP=8721.0 | EBITDA=11.86%
2026-03-12 17:38:41,258 [INFO] pipeline.xbrl_parser:   [Sep 2024] Rev=134054.0 | NP=7713.0 | EBITDA=10.01%
2026-03-12 17:38:41,258 [INFO] pipeline.xbrl_parser:   [Jun 2024] Rev=134331.0 | NP=7611.0 | EBITDA=10.66%
2026-03-12 17:38:41,258 [INFO] pipeline.xbrl_parser:   [Mar 2024] Rev=151014.0 | NP=11283.0 | EBITDA=13.26%
2026-03-12 17:38:41,258 [INFO] pipeline.xbrl_parser:   [Dec 2023] Rev=130579.0 | NP=9924.0 | EBITDA=13.45%
2026-03-12 17:38:41,259 [INFO] main: XBRL: 5/5 quarters with revenue data
2026-03-12 17:38:41,262 [INFO] main:   Found annual PDF: FY2025_Annual_Report.pdf (8.4 MB)
2026-03-12 17:38:41,262 [INFO] main: Existing PDFs: 1 quarterly | 1 annual
2026-03-12 17:38:41,263 [INFO] main: 
############################################################
STEP 3: PARSE & EXTRACT — RELIANCE
############################################################
2026-03-12 17:38:41,263 [INFO] pipeline.pdf_parser: Parsing: data/RELIANCE/raw/annual_pdf/FY2025_Annual_Report.pdf
2026-03-12 17:38:42,691 [INFO] pipeline.pdf_parser:   pdfplumber-optimized: 174 pages (Identified 48 relevant)
2026-03-12 17:38:54,825 [INFO] main: 
  Processing annual PDF [FY2025]: data/RELIANCE/raw/annual_pdf/FY2025_Annual_Report.pdf
2026-03-12 17:38:54,825 [INFO] pipeline.pdf_parser: Parsing: data/RELIANCE/raw/annual_pdf/FY2025_Annual_Report.pdf
2026-03-12 17:38:56,151 [INFO] pipeline.pdf_parser:   pdfplumber-optimized: 174 pages (Identified 48 relevant)
2026-03-12 17:39:08,749 [INFO] main:   Parsed 174 pages
2026-03-12 17:39:08,753 [INFO] pipeline.financial_extractor:   [balance] Using 28 consolidated pages
2026-03-12 17:39:09,037 [INFO] pipeline.financial_extractor:   Computed total_assets = 470100.0 + 1285886.0 = 1755986.0
2026-03-12 17:39:09,037 [INFO] pipeline.financial_extractor:   BS → ['FY2026', 'FY2025'] | 34 fields
2026-03-12 17:39:09,037 [INFO] main:   BS: ['FY2026', 'FY2025']
2026-03-12 17:39:09,042 [INFO] pipeline.financial_extractor:   [cash_flow] Using 16 consolidated pages
2026-03-12 17:39:09,158 [INFO] pipeline.financial_extractor:   CF → ['FY2026', 'FY2025'] | 30 fields
2026-03-12 17:39:09,158 [INFO] main:   CF: ['FY2026', 'FY2025']
2026-03-12 17:39:09,163 [INFO] pipeline.financial_extractor:   [pnl] Using 20 consolidated pages
2026-03-12 17:39:09,290 [INFO] pipeline.financial_extractor:   Annual P&L → ['FY2026', 'FY2025'] | 38 fields
2026-03-12 17:39:09,290 [INFO] main:   Annual P&L (PDF): ['FY2026', 'FY2025']
2026-03-12 17:39:09,290 [INFO] main: 
Extraction complete → Q P&L=3 | A P&L=1 | BS=1 | CF=1
2026-03-12 17:39:09,290 [INFO] main: 
############################################################
STEP 4: VALIDATE — RELIANCE
############################################################
2026-03-12 17:39:09,291 [INFO] pipeline.validator:   ✓ P&L [Sep 2024]: OK  (Rev=134,054, NP=7713.0)
2026-03-12 17:39:09,291 [INFO] pipeline.validator:   ✓ P&L [Jun 2024]: OK  (Rev=134,331, NP=7611.0)
2026-03-12 17:39:09,291 [INFO] pipeline.validator:   ✓ P&L [Dec 2024]: OK  (Rev=128,260, NP=8721.0)
2026-03-12 17:39:09,291 [INFO] pipeline.validator:   ✓ P&L [FY2025]: OK  (Rev=914,472, NP=69621.0)
2026-03-12 17:39:09,291 [INFO] pipeline.validator:   ✓ BS [FY2025]: OK  (Assets=1755986.0)
2026-03-12 17:39:09,291 [INFO] pipeline.validator:   ✓ CF [FY2025]: OK  (CFO=170749.0)
2026-03-12 17:39:09,291 [INFO] pipeline.validator: 
VALIDATION: ✓ PASSED | 0 categories with issues
2026-03-12 17:39:09,291 [INFO] main: 
############################################################
STEP 5: EXPORT — RELIANCE
############################################################
2026-03-12 17:39:09,293 [INFO] pipeline.export_json: JSON saved → data/RELIANCE/extracted/profit_loss_quarterly.json (1 KB)
2026-03-12 17:39:09,294 [INFO] pipeline.export_json: JSON saved → data/RELIANCE/extracted/profit_loss_yearly.json (0 KB)
2026-03-12 17:39:09,294 [INFO] pipeline.export_json: JSON saved → data/RELIANCE/extracted/balance_sheet.json (0 KB)
2026-03-12 17:39:09,294 [INFO] pipeline.export_json: JSON saved → data/RELIANCE/extracted/cash_flow.json (0 KB)
2026-03-12 17:39:09,295 [INFO] pipeline.export_json: JSON saved → data/RELIANCE/final/company_financials.json (6 KB)
2026-03-12 17:39:09,295 [INFO] main: 
✅ Done! Output → data/RELIANCE/final/company_financials.json
2026-03-12 17:39:09,295 [INFO] main:    Log  → logs/pipeline_20260312_173833.log
