2026-03-12 12:44:44,989 [INFO] main: 
############################################################
  FINANCIAL PIPELINE v2 — RELIANCE
  2026-03-12T07:14:44.989341+00:00
############################################################
2026-03-12 12:44:44,989 [INFO] main: Existing PDFs: 1 quarterly | 1 annual
2026-03-12 12:44:44,989 [INFO] main: 
############################################################
STEP 3: PARSE & EXTRACT — RELIANCE
############################################################
2026-03-12 12:44:44,989 [INFO] main: Falling back to PDF extraction for quarterly data
2026-03-12 12:44:44,989 [INFO] main:   Quarterly PDF: [Mar 2025] data/RELIANCE/raw/quarterly_pdf/Mar_2025.pdf
2026-03-12 12:44:44,990 [INFO] pipeline.pdf_parser: Parsing: data/RELIANCE/raw/quarterly_pdf/Mar_2025.pdf
2026-03-12 12:44:45,012 [INFO] pipeline.pdf_parser:   pdfplumber: 37 pages
2026-03-12 12:44:48,725 [INFO] pipeline.financial_extractor:   [TABLE MATCH] interest row: 'finance costs' -> [6179.0, 23118.0]
2026-03-12 12:44:48,726 [INFO] pipeline.financial_extractor:   [TABLE MATCH] depreciation row: 'depreciation / a' -> [13181.0, 50832.0]
2026-03-12 12:44:48,737 [INFO] main:   PDF extracted 1 quarterly period(s)
2026-03-12 12:44:48,737 [INFO] main: 
  Annual PDF [FY2025]: data/RELIANCE/raw/annual_pdf/FY2025_Annual_Report.pdf
2026-03-12 12:44:48,737 [INFO] pipeline.pdf_parser: Parsing: data/RELIANCE/raw/annual_pdf/FY2025_Annual_Report.pdf
2026-03-12 12:44:49,307 [INFO] pipeline.pdf_parser:   pdfplumber: 146 pages
2026-03-12 12:45:26,100 [INFO] main:   Parsed 146 pages
2026-03-12 12:45:26,100 [INFO] pipeline.financial_extractor:   Targeted BALANCE SHEET to 7 pages
2026-03-12 12:45:26,109 [INFO] main:   BS extracted: ['FY2025', 'FY2024', 'FY2023', 'FY2022', 'FY2021']
2026-03-12 12:45:26,110 [INFO] pipeline.financial_extractor:   Targeted CASH FLOW to 5 pages
2026-03-12 12:45:26,116 [INFO] main:   CF extracted: ['FY2025', 'FY2024', 'FY2023', 'FY2022', 'FY2021']
2026-03-12 12:45:26,117 [INFO] pipeline.financial_extractor:   Targeted PROFIT AND LOSS to 5 pages
2026-03-12 12:45:26,120 [INFO] main:   P&L extracted for FY2025 from PDF
2026-03-12 12:45:26,120 [INFO] main:   P&L extracted for FY2024 from PDF
2026-03-12 12:45:26,120 [INFO] main:   P&L extracted for FY2023 from PDF
2026-03-12 12:45:26,120 [INFO] main:   P&L extracted for FY2022 from PDF
2026-03-12 12:45:26,120 [INFO] main: 
Extraction complete (FY2025 Filtered): Q P&L=1 | A P&L=1 | BS=1 | CF=1
2026-03-12 12:45:26,125 [INFO] main: 
############################################################
STEP 4: VALIDATE — RELIANCE
############################################################
2026-03-12 12:45:26,125 [INFO] pipeline.validator:   ✓ P&L [Mar 2025]: OK
2026-03-12 12:45:26,125 [INFO] pipeline.validator:   ✓ P&L [FY2025]: OK
2026-03-12 12:45:26,125 [WARNING] pipeline.validator:   ✗ VALIDATION: [FY2025] Current Assets Sum mismatch: reported=486758.0, components_sum=351833.0, diff=38.3%
2026-03-12 12:45:26,125 [WARNING] pipeline.validator:   ✗ VALIDATION: [FY2025] Total Assets mismatch: reported=1950121.0, ca+nca=1169860.0, diff=66.7%
2026-03-12 12:45:26,126 [WARNING] pipeline.validator:   ✗ VALIDATION: [FY2025] CF Balance: reported_net=9277.0, cfo+cfi+cff=-30848.00, diff=130.1%
2026-03-12 12:45:26,126 [INFO] pipeline.validator: 
VALIDATION SUMMARY: ✗ ISSUES FOUND | 2 issue categories
2026-03-12 12:45:26,126 [INFO] main: 
############################################################
STEP 5: EXPORT — RELIANCE
############################################################
2026-03-12 12:45:26,128 [INFO] pipeline.export_json: JSON saved → data/RELIANCE/extracted/profit_loss_quarterly.json (0 KB)
2026-03-12 12:45:26,128 [INFO] pipeline.export_json: JSON saved → data/RELIANCE/extracted/profit_loss_yearly.json (0 KB)
2026-03-12 12:45:26,128 [INFO] pipeline.export_json: JSON saved → data/RELIANCE/extracted/balance_sheet.json (0 KB)
2026-03-12 12:45:26,129 [INFO] pipeline.export_json: JSON saved → data/RELIANCE/extracted/cash_flow.json (0 KB)
2026-03-12 12:45:26,129 [INFO] pipeline.export_json: JSON saved → data/RELIANCE/final/company_financials.json (4 KB)
2026-03-12 12:45:26,129 [INFO] main: 
✓ Done! Output → data/RELIANCE/final/company_financials.json
2026-03-12 12:45:26,129 [INFO] main:   Log → logs/pipeline_20260312_124444.log
