2026-03-12 12:28:11,454 [INFO] main: 
############################################################
  FINANCIAL PIPELINE v2 — RELIANCE
  2026-03-12T06:58:11.454156+00:00
############################################################
2026-03-12 12:28:11,454 [INFO] main: 
############################################################
STEP 1: NSE XBRL — RELIANCE
############################################################
2026-03-12 12:28:13,759 [INFO] pipeline.xbrl_parser: NSE XBRL session ready
2026-03-12 12:28:13,760 [INFO] pipeline.xbrl_parser: Fetching NSE XBRL Quarterly (Consolidated) for RELIANCE...
2026-03-12 12:28:14,600 [INFO] pipeline.xbrl_parser:   Got 5 Quarterly periods
2026-03-12 12:28:14,604 [INFO] pipeline.xbrl_parser:   [Dec 2024] Rev=128260.0 | NP=8721.0
2026-03-12 12:28:14,604 [INFO] pipeline.xbrl_parser:   [Sep 2024] Rev=134054.0 | NP=7713.0
2026-03-12 12:28:14,605 [INFO] pipeline.xbrl_parser:   [Jun 2024] Rev=134331.0 | NP=7611.0
2026-03-12 12:28:14,605 [INFO] pipeline.xbrl_parser:   [Mar 2024] Rev=151014.0 | NP=11283.0
2026-03-12 12:28:14,605 [INFO] pipeline.xbrl_parser:   [Dec 2023] Rev=130579.0 | NP=9924.0
2026-03-12 12:28:14,605 [INFO] pipeline.xbrl_parser: Fetching NSE XBRL Annual (Consolidated) for RELIANCE...
2026-03-12 12:28:14,740 [INFO] pipeline.xbrl_parser:   Got 5 Annual periods
2026-03-12 12:28:14,741 [INFO] pipeline.xbrl_parser:   [Dec 2024] Rev=128260.0 | NP=8721.0
2026-03-12 12:28:14,741 [INFO] pipeline.xbrl_parser:   [Sep 2024] Rev=134054.0 | NP=7713.0
2026-03-12 12:28:14,741 [INFO] pipeline.xbrl_parser:   [Jun 2024] Rev=134331.0 | NP=7611.0
2026-03-12 12:28:14,741 [INFO] pipeline.xbrl_parser:   [FY2024] Rev=151014.0 | NP=11283.0
2026-03-12 12:28:14,741 [INFO] pipeline.xbrl_parser:   [Dec 2023] Rev=130579.0 | NP=9924.0
2026-03-12 12:28:14,742 [INFO] main: XBRL (FY2025 format): 3 quarterly periods | 0 annual periods with sales data
2026-03-12 12:28:14,744 [INFO] main: Existing PDFs: 1 quarterly | 1 annual
2026-03-12 12:28:14,746 [INFO] main: 
############################################################
STEP 3: PARSE & EXTRACT — RELIANCE
############################################################
2026-03-12 12:28:14,747 [INFO] main: XBRL has 3 quarterly periods — skipping quarterly PDFs
2026-03-12 12:28:14,747 [INFO] main: 
  Annual PDF [FY2025]: data/RELIANCE/raw/annual_pdf/FY2025_Annual_Report.pdf
2026-03-12 12:28:14,747 [INFO] pipeline.pdf_parser: Parsing: data/RELIANCE/raw/annual_pdf/FY2025_Annual_Report.pdf
2026-03-12 12:28:15,334 [INFO] pipeline.pdf_parser:   pdfplumber: 146 pages
2026-03-12 12:28:52,866 [INFO] main:   Parsed 146 pages
2026-03-12 12:28:52,892 [INFO] main:   BS extracted: ['FY2025', 'FY2024', 'FY2023', 'FY2022', 'FY2021']
2026-03-12 12:28:52,994 [INFO] main:   CF extracted: ['FY2025', 'FY2024', 'FY2023', 'FY2022', 'FY2021']
2026-03-12 12:28:53,013 [INFO] main:   P&L extracted for FY2025 from PDF
2026-03-12 12:28:53,013 [INFO] main:   P&L extracted for FY2024 from PDF
2026-03-12 12:28:53,014 [INFO] main:   P&L extracted for FY2023 from PDF
2026-03-12 12:28:53,014 [INFO] main:   P&L extracted for FY2022 from PDF
2026-03-12 12:28:53,014 [INFO] main: 
Extraction complete (FY2025 Filtered): Q P&L=3 | A P&L=1 | BS=1 | CF=1
2026-03-12 12:28:53,019 [INFO] main: 
############################################################
STEP 4: VALIDATE — RELIANCE
############################################################
2026-03-12 12:28:53,019 [INFO] pipeline.validator:   ✓ P&L [Dec 2024]: OK
2026-03-12 12:28:53,019 [INFO] pipeline.validator:   ✓ P&L [Sep 2024]: OK
2026-03-12 12:28:53,019 [INFO] pipeline.validator:   ✓ P&L [Jun 2024]: OK
2026-03-12 12:28:53,019 [INFO] pipeline.validator:   ✓ P&L [FY2025]: OK
2026-03-12 12:28:53,019 [WARNING] pipeline.validator:   ✗ VALIDATION: [FY2025] Current Assets Sum mismatch: reported=486758.0, components_sum=578767.0, diff=15.9%
2026-03-12 12:28:53,019 [WARNING] pipeline.validator:   ✗ VALIDATION: [FY2025] Total Assets mismatch: reported=228151.0, ca+nca=1169860.0, diff=80.5%
2026-03-12 12:28:53,019 [WARNING] pipeline.validator:   ✗ VALIDATION: [FY2025] BS Equation: Assets=228151.0, Eq+Liab=1001452714.00, diff=100.0%
2026-03-12 12:28:53,020 [WARNING] pipeline.validator:   ✗ VALIDATION: [FY2025] Minority Interest (1000000000.0) is larger than Total Assets (228151.0)
2026-03-12 12:28:53,020 [WARNING] pipeline.validator:   ✗ VALIDATION: [FY2025] Abnormal Capital Expenditure detected: 1000122.0
2026-03-12 12:28:53,020 [WARNING] pipeline.validator:   ✗ VALIDATION: [FY2025] CF Balance: reported_net=9277.0, cfo+cfi+cff=-30848.00, diff=130.1%
2026-03-12 12:28:53,020 [INFO] pipeline.validator: 
VALIDATION SUMMARY: ✗ ISSUES FOUND | 2 issue categories
2026-03-12 12:28:53,020 [INFO] main: 
############################################################
STEP 5: EXPORT — RELIANCE
############################################################
2026-03-12 12:28:53,021 [INFO] pipeline.export_json: JSON saved → data/RELIANCE/extracted/profit_loss_quarterly.json (1 KB)
2026-03-12 12:28:53,022 [INFO] pipeline.export_json: JSON saved → data/RELIANCE/extracted/profit_loss_yearly.json (0 KB)
2026-03-12 12:28:53,022 [INFO] pipeline.export_json: JSON saved → data/RELIANCE/extracted/balance_sheet.json (0 KB)
2026-03-12 12:28:53,022 [INFO] pipeline.export_json: JSON saved → data/RELIANCE/extracted/cash_flow.json (0 KB)
2026-03-12 12:28:53,022 [INFO] pipeline.export_json: JSON saved → data/RELIANCE/final/company_financials.json (6 KB)
2026-03-12 12:28:53,023 [INFO] main: 
✓ Done! Output → data/RELIANCE/final/company_financials.json
2026-03-12 12:28:53,023 [INFO] main:   Log → logs/pipeline_20260312_122811.log
