2026-03-12 14:47:53,511 [INFO] main: 
############################################################
  FINANCIAL PIPELINE v3 (Fixed) — RELIANCE
  2026-03-12T09:17:53.511309+00:00
############################################################
2026-03-12 14:47:53,511 [INFO] main: 
############################################################
STEP 1: NSE XBRL — RELIANCE
############################################################
2026-03-12 14:47:53,511 [INFO] pipeline.xbrl_parser: NSE handshake step 1/3: homepage...
2026-03-12 14:47:55,757 [INFO] pipeline.xbrl_parser: NSE handshake step 2/3: quote page...
2026-03-12 14:47:58,353 [INFO] pipeline.xbrl_parser: NSE handshake step 3/3: warming results path...
2026-03-12 14:48:00,698 [INFO] pipeline.xbrl_parser: NSE session ready. Cookies: AKA_A2, _abck, bm_sz, nsit, browse-url
2026-03-12 14:48:00,698 [INFO] pipeline.xbrl_parser: Fetching NSE XBRL Quarterly for RELIANCE (attempt 1)...
2026-03-12 14:48:01,460 [INFO] pipeline.xbrl_parser:   HTTP 200 | 14525 bytes
2026-03-12 14:48:01,461 [INFO] pipeline.xbrl_parser:   Raw response saved → data/debug/nse_xbrl_RELIANCE_quarterly_raw.json
2026-03-12 14:48:01,461 [INFO] pipeline.xbrl_parser:   Got 5 Quarterly periods
2026-03-12 14:48:01,466 [INFO] pipeline.xbrl_parser:   [Dec 2024] Rev=128260.0 | NP=8721.0 | EBITDA=11.86%
2026-03-12 14:48:01,466 [INFO] pipeline.xbrl_parser:   [Sep 2024] Rev=134054.0 | NP=7713.0 | EBITDA=10.01%
2026-03-12 14:48:01,466 [INFO] pipeline.xbrl_parser:   [Jun 2024] Rev=134331.0 | NP=7611.0 | EBITDA=10.66%
2026-03-12 14:48:01,467 [INFO] pipeline.xbrl_parser:   [Mar 2024] Rev=151014.0 | NP=11283.0 | EBITDA=13.26%
2026-03-12 14:48:01,467 [INFO] pipeline.xbrl_parser:   [Dec 2023] Rev=130579.0 | NP=9924.0 | EBITDA=13.45%
2026-03-12 14:48:01,467 [INFO] pipeline.xbrl_parser: Fetching NSE XBRL Annual for RELIANCE (attempt 1)...
2026-03-12 14:48:01,713 [INFO] pipeline.xbrl_parser:   HTTP 200 | 14525 bytes
2026-03-12 14:48:01,714 [INFO] pipeline.xbrl_parser:   Raw response saved → data/debug/nse_xbrl_RELIANCE_annual_raw.json
2026-03-12 14:48:01,714 [INFO] pipeline.xbrl_parser:   Got 5 Annual periods
2026-03-12 14:48:01,714 [INFO] pipeline.xbrl_parser:   [FY2025] Rev=128260.0 | NP=8721.0 | EBITDA=11.86%
2026-03-12 14:48:01,714 [INFO] pipeline.xbrl_parser:   [FY2025] Rev=134054.0 | NP=7713.0 | EBITDA=10.01%
2026-03-12 14:48:01,714 [INFO] pipeline.xbrl_parser:   [FY2025] Rev=134331.0 | NP=7611.0 | EBITDA=10.66%
2026-03-12 14:48:01,714 [INFO] pipeline.xbrl_parser:   [FY2024] Rev=151014.0 | NP=11283.0 | EBITDA=13.26%
2026-03-12 14:48:01,714 [INFO] pipeline.xbrl_parser:   [FY2024] Rev=130579.0 | NP=9924.0 | EBITDA=13.45%
2026-03-12 14:48:01,715 [INFO] main: XBRL result: 5 quarterly | 2 annual periods with revenue data
2026-03-12 14:48:01,718 [INFO] main: Existing PDFs: 1 quarterly | 1 annual
2026-03-12 14:48:01,721 [INFO] main: 
############################################################
STEP 3: PARSE & EXTRACT — RELIANCE
############################################################
2026-03-12 14:48:01,721 [INFO] main: XBRL has 5 quarterly periods — skipping quarterly PDFs
2026-03-12 14:48:01,721 [INFO] main: 
  Annual PDF [FY2025]: data/RELIANCE/raw/annual_pdf/FY2025_Annual_Report.pdf
2026-03-12 14:48:01,722 [INFO] pipeline.pdf_parser: Parsing: data/RELIANCE/raw/annual_pdf/FY2025_Annual_Report.pdf
2026-03-12 14:48:03,241 [INFO] pipeline.pdf_parser:   pdfplumber-optimized: 174 pages (Identified 48 relevant)
2026-03-12 14:48:16,188 [INFO] main:   Parsed 174 pages
2026-03-12 14:48:16,294 [INFO] main:   BS extracted: ['FY2026', 'FY2025']
2026-03-12 14:48:16,599 [INFO] main:   CF extracted: ['FY2025']
2026-03-12 14:48:16,599 [INFO] main: 
Extraction complete: Q P&L=5 | A P&L=2 | BS=2 | CF=1
2026-03-12 14:48:16,600 [INFO] main: 
############################################################
STEP 4: VALIDATE — RELIANCE
############################################################
2026-03-12 14:48:16,600 [WARNING] pipeline.validator:   ✗ VALIDATION: [cross_check_Mar 2024] Quarter revenue (151014.0) >= Annual (134331.0) - check Standalone vs Consolidated
2026-03-12 14:48:16,600 [WARNING] pipeline.validator:   ✗ VALIDATION: [cross_check_Jun 2024] Quarter revenue (134331.0) >= Annual (134331.0) - check Standalone vs Consolidated
2026-03-12 14:48:16,600 [INFO] pipeline.validator:   ✓ P&L [Sep 2024]: OK
2026-03-12 14:48:16,600 [INFO] pipeline.validator:   ✓ P&L [Mar 2024]: OK
2026-03-12 14:48:16,600 [INFO] pipeline.validator:   ✓ P&L [Jun 2024]: OK
2026-03-12 14:48:16,600 [INFO] pipeline.validator:   ✓ P&L [Dec 2024]: OK
2026-03-12 14:48:16,600 [INFO] pipeline.validator:   ✓ P&L [Dec 2023]: OK
2026-03-12 14:48:16,600 [INFO] pipeline.validator:   ✓ P&L [FY2025]: OK
2026-03-12 14:48:16,600 [INFO] pipeline.validator:   ✓ P&L [FY2024]: OK
2026-03-12 14:48:16,600 [INFO] pipeline.validator:   ✓ BS [FY2026]: OK
2026-03-12 14:48:16,600 [INFO] pipeline.validator:   ✓ BS [FY2025]: OK
2026-03-12 14:48:16,600 [INFO] pipeline.validator:   ✓ CF [FY2025]: OK
2026-03-12 14:48:16,600 [INFO] pipeline.validator: 
VALIDATION SUMMARY: ✗ ISSUES FOUND | 2 issue categories
2026-03-12 14:48:16,600 [INFO] main: 
############################################################
STEP 5: EXPORT — RELIANCE
############################################################
2026-03-12 14:48:16,601 [INFO] pipeline.export_json: JSON saved → data/RELIANCE/extracted/profit_loss_quarterly.json (2 KB)
2026-03-12 14:48:16,601 [INFO] pipeline.export_json: JSON saved → data/RELIANCE/extracted/profit_loss_yearly.json (1 KB)
2026-03-12 14:48:16,602 [INFO] pipeline.export_json: JSON saved → data/RELIANCE/extracted/balance_sheet.json (0 KB)
2026-03-12 14:48:16,602 [INFO] pipeline.export_json: JSON saved → data/RELIANCE/extracted/cash_flow.json (0 KB)
2026-03-12 14:48:16,602 [INFO] pipeline.export_json: JSON saved → data/RELIANCE/final/company_financials.json (7 KB)
2026-03-12 14:48:16,603 [INFO] main: 
✓ Done! Output → data/RELIANCE/final/company_financials.json
2026-03-12 14:48:16,603 [INFO] main:   Log → logs/pipeline_20260312_144753.log
