2026-03-12 12:48:18,392 [INFO] main: 
############################################################
  FINANCIAL PIPELINE v2 — RELIANCE
  2026-03-12T07:18:18.392800+00:00
############################################################
2026-03-12 12:48:18,393 [INFO] main: Existing PDFs: 1 quarterly | 1 annual
2026-03-12 12:48:18,393 [INFO] main: 
############################################################
STEP 3: PARSE & EXTRACT — RELIANCE
############################################################
2026-03-12 12:48:18,393 [INFO] main: Falling back to PDF extraction for quarterly data
2026-03-12 12:48:18,393 [INFO] main:   Quarterly PDF: [Mar 2025] data/RELIANCE/raw/quarterly_pdf/Mar_2025.pdf
2026-03-12 12:48:18,393 [INFO] pipeline.pdf_parser: Parsing: data/RELIANCE/raw/quarterly_pdf/Mar_2025.pdf
2026-03-12 12:48:18,598 [INFO] pipeline.pdf_parser:   pdfplumber: 37 pages (Identified 2 relevant)
2026-03-12 12:48:21,045 [ERROR] main:   Error in quarterly PDF data/RELIANCE/raw/quarterly_pdf/Mar_2025.pdf: cannot access local variable 'relevant_pages' where it is not associated with a value
Traceback (most recent call last):
  File "/Users/geekologix/Desktop/nifty50-financial-pipeline/pipeline/main.py", line 169, in step_parse_extract
    q_data = extractor.extract_quarterly_pnl_from_pdf(pr)
             ^^^^^^^^^^^^^^^^^^^^^^^^^^^^^^^^^^^^^^^^^^^^
  File "/Users/geekologix/Desktop/nifty50-financial-pipeline/pipeline/financial_extractor.py", line 411, in extract_quarterly_pnl_from_pdf
    raw     = self._scan_pnl(parse_result)
              ^^^^^^^^^^^^^^^^^^^^^^^^^^^^
  File "/Users/geekologix/Desktop/nifty50-financial-pipeline/pipeline/financial_extractor.py", line 492, in _scan_pnl
    return self._scan_patterns(parse_result, all_patterns, title_keyword=title_keyword)
           ^^^^^^^^^^^^^^^^^^^^^^^^^^^^^^^^^^^^^^^^^^^^^^^^^^^^^^^^^^^^^^^^^^^^^^^^^^^^
  File "/Users/geekologix/Desktop/nifty50-financial-pipeline/pipeline/financial_extractor.py", line 525, in _scan_patterns
    for page in relevant_pages:
                ^^^^^^^^^^^^^^
UnboundLocalError: cannot access local variable 'relevant_pages' where it is not associated with a value
2026-03-12 12:48:21,046 [INFO] main: 
  Annual PDF [FY2025]: data/RELIANCE/raw/annual_pdf/FY2025_Annual_Report.pdf
2026-03-12 12:48:21,047 [INFO] pipeline.pdf_parser: Parsing: data/RELIANCE/raw/annual_pdf/FY2025_Annual_Report.pdf
2026-03-12 12:48:23,272 [INFO] pipeline.pdf_parser:   pdfplumber: 146 pages (Identified 28 relevant)
2026-03-12 12:49:00,251 [INFO] main:   Parsed 146 pages
2026-03-12 12:49:00,253 [INFO] pipeline.financial_extractor:   Targeted BALANCE SHEET to 5 pages
2026-03-12 12:49:00,260 [INFO] main:   BS extracted: ['FY2025', 'FY2024', 'FY2023', 'FY2022', 'FY2021']
2026-03-12 12:49:00,260 [INFO] pipeline.financial_extractor:   Targeted CASH FLOW to 4 pages
2026-03-12 12:49:00,266 [INFO] main:   CF extracted: ['FY2025', 'FY2024', 'FY2023', 'FY2022', 'FY2021']
2026-03-12 12:49:00,266 [INFO] pipeline.financial_extractor:   Targeted PROFIT AND LOSS to 4 pages
2026-03-12 12:49:00,269 [INFO] main:   P&L extracted for FY2025 from PDF
2026-03-12 12:49:00,269 [INFO] main:   P&L extracted for FY2024 from PDF
2026-03-12 12:49:00,269 [INFO] main:   P&L extracted for FY2023 from PDF
2026-03-12 12:49:00,269 [INFO] main:   P&L extracted for FY2022 from PDF
2026-03-12 12:49:00,269 [INFO] main: 
Extraction complete (FY2025 Filtered): Q P&L=0 | A P&L=1 | BS=1 | CF=1
2026-03-12 12:49:00,270 [INFO] main: 
############################################################
STEP 4: VALIDATE — RELIANCE
############################################################
2026-03-12 12:49:00,467 [INFO] pipeline.validator:   ✓ P&L [FY2025]: OK
2026-03-12 12:49:00,467 [WARNING] pipeline.validator:   ✗ VALIDATION: [FY2025] Current Assets Sum mismatch: reported=486758.0, components_sum=245331.0, diff=98.4%
2026-03-12 12:49:00,467 [WARNING] pipeline.validator:   ✗ VALIDATION: [FY2025] Total Assets mismatch: reported=1950121.0, ca+nca=1169860.0, diff=66.7%
2026-03-12 12:49:00,467 [WARNING] pipeline.validator:   ✗ VALIDATION: [FY2025] CF Balance: reported_net=9277.0, cfo+cfi+cff=-30848.00, diff=130.1%
2026-03-12 12:49:00,467 [INFO] pipeline.validator: 
VALIDATION SUMMARY: ✗ ISSUES FOUND | 2 issue categories
2026-03-12 12:49:00,467 [INFO] main: 
############################################################
STEP 5: EXPORT — RELIANCE
############################################################
2026-03-12 12:49:00,469 [INFO] pipeline.export_json: JSON saved → data/RELIANCE/extracted/profit_loss_quarterly.json (0 KB)
2026-03-12 12:49:00,469 [INFO] pipeline.export_json: JSON saved → data/RELIANCE/extracted/profit_loss_yearly.json (0 KB)
2026-03-12 12:49:00,469 [INFO] pipeline.export_json: JSON saved → data/RELIANCE/extracted/balance_sheet.json (0 KB)
2026-03-12 12:49:00,469 [INFO] pipeline.export_json: JSON saved → data/RELIANCE/extracted/cash_flow.json (0 KB)
2026-03-12 12:49:00,470 [INFO] pipeline.export_json: JSON saved → data/RELIANCE/final/company_financials.json (4 KB)
2026-03-12 12:49:01,850 [INFO] main: 
✓ Done! Output → data/RELIANCE/final/company_financials.json
2026-03-12 12:49:01,850 [INFO] main:   Log → logs/pipeline_20260312_124818.log
