2026-03-12 12:07:15,181 [INFO] main: 
############################################################
  FINANCIAL PIPELINE v2 — RELIANCE
  2026-03-12T06:37:15.181174+00:00
############################################################
2026-03-12 12:07:15,181 [INFO] main: 
############################################################
STEP 1: NSE XBRL — RELIANCE
############################################################
2026-03-12 12:07:17,461 [INFO] pipeline.xbrl_parser: NSE XBRL session ready
2026-03-12 12:07:17,462 [INFO] pipeline.xbrl_parser: Fetching NSE XBRL Quarterly for RELIANCE...
2026-03-12 12:07:18,297 [INFO] pipeline.xbrl_parser:   Got 5 Quarterly periods from NSE XBRL
2026-03-12 12:07:18,300 [INFO] pipeline.xbrl_parser:   [Dec 2024] Rev=128260.0 | NetProfit=8721.0 | EBITDA=11.86%
2026-03-12 12:07:18,301 [INFO] pipeline.xbrl_parser:   [Sep 2024] Rev=134054.0 | NetProfit=7713.0 | EBITDA=10.01%
2026-03-12 12:07:18,301 [INFO] pipeline.xbrl_parser:   [Jun 2024] Rev=134331.0 | NetProfit=7611.0 | EBITDA=10.66%
2026-03-12 12:07:18,301 [INFO] pipeline.xbrl_parser:   [Mar 2024] Rev=151014.0 | NetProfit=11283.0 | EBITDA=13.26%
2026-03-12 12:07:18,301 [INFO] pipeline.xbrl_parser:   [Dec 2023] Rev=130579.0 | NetProfit=9924.0 | EBITDA=13.45%
2026-03-12 12:07:18,301 [INFO] pipeline.xbrl_parser: Fetching NSE XBRL Annual for RELIANCE...
2026-03-12 12:07:18,430 [INFO] pipeline.xbrl_parser:   Got 5 Annual periods from NSE XBRL
2026-03-12 12:07:18,430 [INFO] pipeline.xbrl_parser:   [FY2025] Rev=128260.0 | NetProfit=8721.0 | EBITDA=11.86%
2026-03-12 12:07:18,430 [INFO] pipeline.xbrl_parser:   [FY2025] Rev=134054.0 | NetProfit=7713.0 | EBITDA=10.01%
2026-03-12 12:07:18,430 [INFO] pipeline.xbrl_parser:   [FY2025] Rev=134331.0 | NetProfit=7611.0 | EBITDA=10.66%
2026-03-12 12:07:18,430 [INFO] pipeline.xbrl_parser:   [FY2024] Rev=151014.0 | NetProfit=11283.0 | EBITDA=13.26%
2026-03-12 12:07:18,430 [INFO] pipeline.xbrl_parser:   [FY2024] Rev=130579.0 | NetProfit=9924.0 | EBITDA=13.45%
2026-03-12 12:07:18,430 [INFO] main: XBRL (FY2025 format): 3 quarterly periods | 1 annual periods with sales data
2026-03-12 12:07:18,432 [INFO] main: 
############################################################
STEP 2: PDF DOWNLOAD — RELIANCE
############################################################
2026-03-12 12:07:18,432 [INFO] pipeline.downloader: NSE cookie handshake...
2026-03-12 12:07:20,554 [INFO] pipeline.downloader: BSE cookie handshake...
2026-03-12 12:07:22,207 [INFO] pipeline.downloader: 
============================================================
2026-03-12 12:07:22,207 [INFO] pipeline.downloader: NSE Quarterly Download: RELIANCE (01-07-2024 → 31-05-2025)
2026-03-12 12:07:23,031 [INFO] pipeline.downloader: Found 272 total NSE announcements
2026-03-12 12:07:23,031 [INFO] pipeline.downloader:   → [Mar 2025] Outcome of Board Meeting
2026-03-12 12:07:23,031 [INFO] pipeline.downloader:       s.nseindia.com/corporate/kavinavora_25042025200131_SE_FR.pdf
2026-03-12 12:07:23,796 [INFO] pipeline.downloader:   [SKIP] Identical file exists: data/RELIANCE/raw/quarterly_pdf/Mar_2025.pdf
2026-03-12 12:07:24,802 [INFO] pipeline.downloader:   [DUP] Mar 2025 already queued, skipping
2026-03-12 12:07:24,803 [INFO] pipeline.downloader: NSE Quarterly: 1/1 downloaded
2026-03-12 12:07:24,803 [INFO] pipeline.downloader: 
============================================================
2026-03-12 12:07:24,803 [INFO] pipeline.downloader: Company Website Annual Download: RELIANCE (Target: ['FY2025'])
2026-03-12 12:07:24,804 [INFO] pipeline.downloader:   → [FY2025] Direct from IR Website
2026-03-12 12:07:25,728 [INFO] pipeline.downloader:   [SKIP] Identical file exists: data/RELIANCE/raw/annual_pdf/FY2025_Annual_Report.pdf
2026-03-12 12:07:25,729 [INFO] pipeline.downloader: Company Website Annual: 1/1 downloaded
2026-03-12 12:07:25,733 [INFO] main: 
############################################################
STEP 3: PARSE & EXTRACT — RELIANCE
############################################################
2026-03-12 12:07:25,733 [INFO] main: XBRL has 3 quarterly periods — skipping quarterly PDFs
2026-03-12 12:07:25,733 [INFO] main: 
  Annual PDF [FY2025]: data/RELIANCE/raw/annual_pdf/FY2025_Annual_Report.pdf
2026-03-12 12:07:25,733 [INFO] pipeline.pdf_parser: Parsing: data/RELIANCE/raw/annual_pdf/FY2025_Annual_Report.pdf
2026-03-12 12:07:26,305 [INFO] pipeline.pdf_parser:   pdfplumber: 146 pages
2026-03-12 12:08:04,164 [INFO] main:   Parsed 146 pages
2026-03-12 12:08:04,192 [INFO] main:   BS extracted: ['FY2025', 'FY2024', 'FY2023']
2026-03-12 12:08:04,295 [INFO] main:   CF extracted: ['FY2025', 'FY2024', 'FY2023']
2026-03-12 12:08:04,295 [INFO] main: 
Extraction complete (FY2025 Filtered): Q P&L=3 | A P&L=1 | BS=1 | CF=1
2026-03-12 12:08:04,300 [INFO] main: 
############################################################
STEP 4: VALIDATE — RELIANCE
############################################################
2026-03-12 12:08:04,300 [WARNING] pipeline.validator:   ✗ VALIDATION: [cross_check_Jun 2024] Quarter revenue (134331.0) >= Annual (134331.0) - check Standalone vs Consolidated
2026-03-12 12:08:04,300 [INFO] pipeline.validator:   ✓ P&L [Dec 2024]: OK
2026-03-12 12:08:04,300 [INFO] pipeline.validator:   ✓ P&L [Sep 2024]: OK
2026-03-12 12:08:04,300 [INFO] pipeline.validator:   ✓ P&L [Jun 2024]: OK
2026-03-12 12:08:04,300 [INFO] pipeline.validator:   ✓ P&L [FY2025]: OK
2026-03-12 12:08:04,300 [WARNING] pipeline.validator:   ✗ VALIDATION: [FY2025] Current Assets Sum mismatch: reported=486758.0, components_sum=578767.0, diff=15.9%
2026-03-12 12:08:04,300 [WARNING] pipeline.validator:   ✗ VALIDATION: [FY2025] Total Assets mismatch: reported=228151.0, ca+nca=1169860.0, diff=80.5%
2026-03-12 12:08:04,300 [WARNING] pipeline.validator:   ✗ VALIDATION: [FY2025] BS Equation: Assets=228151.0, Eq+Liab=1001452714.00, diff=100.0%
2026-03-12 12:08:04,300 [WARNING] pipeline.validator:   ✗ VALIDATION: [FY2025] Minority Interest (1000000000.0) is larger than Total Assets (228151.0)
2026-03-12 12:08:04,300 [WARNING] pipeline.validator:   ✗ VALIDATION: [FY2025] Abnormal Capital Expenditure detected: 1000122.0
2026-03-12 12:08:04,300 [WARNING] pipeline.validator:   ✗ VALIDATION: [FY2025] CF Balance: reported_net=9277.0, cfo+cfi+cff=-30848.00, diff=130.1%
2026-03-12 12:08:04,300 [INFO] pipeline.validator: 
VALIDATION SUMMARY: ✗ ISSUES FOUND | 3 issue categories
2026-03-12 12:08:04,300 [INFO] main: 
############################################################
STEP 5: EXPORT — RELIANCE
############################################################
2026-03-12 12:08:04,302 [INFO] pipeline.export_json: JSON saved → data/RELIANCE/extracted/profit_loss_quarterly.json (1 KB)
2026-03-12 12:08:04,303 [INFO] pipeline.export_json: JSON saved → data/RELIANCE/extracted/profit_loss_yearly.json (0 KB)
2026-03-12 12:08:04,303 [INFO] pipeline.export_json: JSON saved → data/RELIANCE/extracted/balance_sheet.json (0 KB)
2026-03-12 12:08:04,304 [INFO] pipeline.export_json: JSON saved → data/RELIANCE/extracted/cash_flow.json (0 KB)
2026-03-12 12:08:04,304 [INFO] pipeline.export_json: JSON saved → data/RELIANCE/final/company_financials.json (6 KB)
2026-03-12 12:08:04,304 [INFO] main: 
✓ Done! Output → data/RELIANCE/final/company_financials.json
2026-03-12 12:08:04,304 [INFO] main:   Log → logs/pipeline_20260312_120714.log
